<!DOCTYPE html>
<html>
<head>
<link rel="stylesheet" type="text/css" href="/static/hadoop.css">
</head>    
<body>
Starting moving process, moving namespace /nnThroughputBenchmark/mkdirs/ThroughputBenchDir458 to server cdc-hpcblx033-02.bfd.walmart.com
<br/>
Found path /nnThroughputBenchmark/mkdirs/ThroughputBenchDir458
<br/>
Found parent path ThroughputBenchDir458
<br/>
Found parent path mkdirs
<br/>
Found parent path nnThroughputBenchmark
<br/>
Send INode spend 0 milliseconds!1
<br/>
Success!, spend 1 milliseconds!
<br/>
spend 1 milliseconds!
<br/>
<br />
</body>
</html>
